This is pdfTeX, Version 3.1415926-1.40.10 (TeX Live 2009/Debian) (format=pdflatex 2011.4.19)  9 MAY 2011 18:04
entering extended mode
 %&-line parsing enabled.
**databases.tex
(./databases.tex
LaTeX2e <2009/09/24>
Babel <v3.8l> and hyphenation patterns for english, usenglishmax, dumylang, noh
yphenation, loaded.
(/usr/share/texmf-texlive/tex/latex/base/article.cls
Document Class: article 2007/10/19 v1.4h Standard LaTeX document class
(/usr/share/texmf-texlive/tex/latex/base/size10.clo
File: size10.clo 2007/10/19 v1.4h Standard LaTeX file (size option)
)
\c@part=\count79
\c@section=\count80
\c@subsection=\count81
\c@subsubsection=\count82
\c@paragraph=\count83
\c@subparagraph=\count84
\c@figure=\count85
\c@table=\count86
\abovecaptionskip=\skip41
\belowcaptionskip=\skip42
\bibindent=\dimen102
) (./databases.aux)
\openout1 = `databases.aux'.

LaTeX Font Info:    Checking defaults for OML/cmm/m/it on input line 2.
LaTeX Font Info:    ... okay on input line 2.
LaTeX Font Info:    Checking defaults for T1/cmr/m/n on input line 2.
LaTeX Font Info:    ... okay on input line 2.
LaTeX Font Info:    Checking defaults for OT1/cmr/m/n on input line 2.
LaTeX Font Info:    ... okay on input line 2.
LaTeX Font Info:    Checking defaults for OMS/cmsy/m/n on input line 2.
LaTeX Font Info:    ... okay on input line 2.
LaTeX Font Info:    Checking defaults for OMX/cmex/m/n on input line 2.
LaTeX Font Info:    ... okay on input line 2.
LaTeX Font Info:    Checking defaults for U/cmr/m/n on input line 2.
LaTeX Font Info:    ... okay on input line 2.

Overfull \hbox (78.30917pt too wide) in paragraph at lines 6--13
\OT1/cmr/m/n/10 download url : http://www.cl.cam.ac.uk/Research/DTG/attarchive/
pub/data/att[]faces.zip 
 []


Underfull \hbox (badness 10000) in paragraph at lines 6--13

 []


Overfull \hbox (39.63962pt too wide) in paragraph at lines 14--21
\OT1/cmr/m/n/10 download url : http://www.cs.princeton.edu/courses/archive/spr0
3/cs496/images/ 
 []


Underfull \hbox (badness 10000) in paragraph at lines 14--21

 []


Overfull \hbox (117.3204pt too wide) in paragraph at lines 22--29
\OT1/cmr/m/n/10 download url : http://www.cs.uml.edu/ giam/91.580.203/Projects/
DGabriel/dat/yalefaces/yalefaces 
 []


Underfull \hbox (badness 10000) in paragraph at lines 22--29

 []


Underfull \hbox (badness 10000) in paragraph at lines 30--37

 []


Underfull \hbox (badness 10000) in paragraph at lines 38--45

 []


Overfull \hbox (17.40625pt too wide) in paragraph at lines 46--53
\OT1/cmr/m/n/10 download url : http://www.vision.caltech.edu/Image[]Datasets/fa
ces/faces.tar 
 []


Underfull \hbox (badness 10000) in paragraph at lines 46--53

 []

[1

{/var/lib/texmf/fonts/map/pdftex/updmap/pdftex.map}]
Underfull \hbox (badness 10000) in paragraph at lines 54--61

 []


Underfull \hbox (badness 10000) in paragraph at lines 62--69

 []


Underfull \hbox (badness 10000) in paragraph at lines 70--77

 []


Overfull \hbox (37.86188pt too wide) in paragraph at lines 78--85
\OT1/cmr/m/n/10 download url : http://vis-www.cs.umass.edu/ vidit/IndianFaceDat
abase/dbase.zip 
 []


Underfull \hbox (badness 10000) in paragraph at lines 78--85

 []


Overfull \hbox (37.86188pt too wide) in paragraph at lines 86--93
\OT1/cmr/m/n/10 download url : http://vis-www.cs.umass.edu/ vidit/IndianFaceDat
abase/dbase.zip 
 []


Underfull \hbox (badness 10000) in paragraph at lines 86--93

 []

[2] (./databases.aux) ) 
Here is how much of TeX's memory you used:
 207 strings out of 495061
 2220 string characters out of 1182621
 49168 words of memory out of 3000000
 3468 multiletter control sequences out of 15000+50000
 4245 words of font info for 16 fonts, out of 3000000 for 9000
 28 hyphenation exceptions out of 8191
 23i,4n,19p,156b,187s stack positions out of 5000i,500n,10000p,200000b,50000s
</usr/share/texmf-texlive/fonts/type1/public/amsfonts/cm
/cmbx12.pfb></usr/share/texmf-texlive/fonts/type1/public/amsfonts/cm/cmr10.pfb>

Output written on databases.pdf (2 pages, 34445 bytes).
PDF statistics:
 17 PDF objects out of 1000 (max. 8388607)
 0 named destinations out of 1000 (max. 500000)
 1 words of extra memory for PDF output out of 10000 (max. 10000000)

