This is pdfTeX, Version 3.1415926-1.40.11 (MiKTeX 2.9) (preloaded format=pdflatex 2011.4.22)  11 MAY 2011 14:05
entering extended mode
**Declaration.tex
("C:\Users\Dharini\Code_PyRec\LaTeX Project Report\Declaration.tex"
LaTeX2e <2009/09/24>
Babel <v3.8l> and hyphenation patterns for english, afrikaans, ancientgreek, ar
abic, armenian, assamese, basque, bengali, bokmal, bulgarian, catalan, coptic, 
croatian, czech, danish, dutch, esperanto, estonian, farsi, finnish, french, ga
lician, german, german-x-2009-06-19, greek, gujarati, hindi, hungarian, iceland
ic, indonesian, interlingua, irish, italian, kannada, kurmanji, lao, latin, lat
vian, lithuanian, malayalam, marathi, mongolian, mongolianlmc, monogreek, ngerm
an, ngerman-x-2009-06-19, nynorsk, oriya, panjabi, pinyin, polish, portuguese, 
romanian, russian, sanskrit, serbian, slovak, slovenian, spanish, swedish, swis
sgerman, tamil, telugu, turkish, turkmen, ukenglish, ukrainian, uppersorbian, u
senglishmax, welsh, loaded.
("C:\Program Files (x86)\MiKTeX 2.9\tex\latex\base\article.cls"
Document Class: article 2007/10/19 v1.4h Standard LaTeX document class
("C:\Program Files (x86)\MiKTeX 2.9\tex\latex\base\size10.clo"
File: size10.clo 2007/10/19 v1.4h Standard LaTeX file (size option)
)
\c@part=\count79
\c@section=\count80
\c@subsection=\count81
\c@subsubsection=\count82
\c@paragraph=\count83
\c@subparagraph=\count84
\c@figure=\count85
\c@table=\count86
\abovecaptionskip=\skip41
\belowcaptionskip=\skip42
\bibindent=\dimen102
)
("C:\Users\Dharini\Code_PyRec\LaTeX Project Report\Declaration.aux")
LaTeX Font Info:    Checking defaults for OML/cmm/m/it on input line 2.
LaTeX Font Info:    ... okay on input line 2.
LaTeX Font Info:    Checking defaults for T1/cmr/m/n on input line 2.
LaTeX Font Info:    ... okay on input line 2.
LaTeX Font Info:    Checking defaults for OT1/cmr/m/n on input line 2.
LaTeX Font Info:    ... okay on input line 2.
LaTeX Font Info:    Checking defaults for OMS/cmsy/m/n on input line 2.
LaTeX Font Info:    ... okay on input line 2.
LaTeX Font Info:    Checking defaults for OMX/cmex/m/n on input line 2.
LaTeX Font Info:    ... okay on input line 2.
LaTeX Font Info:    Checking defaults for U/cmr/m/n on input line 2.
LaTeX Font Info:    ... okay on input line 2.

Underfull \hbox (badness 10000) in paragraph at lines 8--41

 []


Underfull \hbox (badness 10000) in paragraph at lines 8--41

 []


Underfull \hbox (badness 10000) in paragraph at lines 8--41

 []


Underfull \hbox (badness 10000) in paragraph at lines 8--41

 []


Underfull \hbox (badness 10000) in paragraph at lines 8--41

 []


Underfull \hbox (badness 10000) in paragraph at lines 8--41

 []


Underfull \hbox (badness 10000) in paragraph at lines 8--41

 []


Underfull \hbox (badness 10000) in paragraph at lines 8--41

 []


Underfull \hbox (badness 10000) in paragraph at lines 8--41

 []


Underfull \hbox (badness 10000) in paragraph at lines 8--41

 []


Underfull \hbox (badness 10000) in paragraph at lines 8--41

 []


Underfull \hbox (badness 10000) in paragraph at lines 8--41

 []


Underfull \hbox (badness 10000) in paragraph at lines 8--41

 []


Underfull \hbox (badness 10000) in paragraph at lines 8--41

 []


Underfull \hbox (badness 10000) in paragraph at lines 8--41

 []


Underfull \hbox (badness 10000) in paragraph at lines 8--41

 []


Underfull \hbox (badness 10000) in paragraph at lines 8--41

 []


Underfull \hbox (badness 10000) in paragraph at lines 8--41

 []


Underfull \hbox (badness 10000) in paragraph at lines 8--41

 []


Underfull \hbox (badness 10000) in paragraph at lines 8--41

 []


Underfull \hbox (badness 10000) in paragraph at lines 8--41

 []


Underfull \hbox (badness 10000) in paragraph at lines 8--41

 []


Underfull \hbox (badness 10000) in paragraph at lines 8--41

 []


Underfull \hbox (badness 10000) in paragraph at lines 8--41

 []


Underfull \hbox (badness 10000) in paragraph at lines 8--41

 []


Underfull \hbox (badness 10000) in paragraph at lines 8--41

 []


Underfull \hbox (badness 10000) in paragraph at lines 8--41

 []


Underfull \hbox (badness 10000) in paragraph at lines 8--41

 []


Underfull \hbox (badness 10000) in paragraph at lines 8--41

 []


Underfull \hbox (badness 10000) in paragraph at lines 8--41

 []


Underfull \hbox (badness 10000) in paragraph at lines 8--41

 []

[1

{C:/ProgramData/MiKTeX/2.9/pdftex/config/pdftex.map}]
("C:\Users\Dharini\Code_PyRec\LaTeX Project Report\Declaration.aux") ) 
Here is how much of TeX's memory you used:
 207 strings out of 494053
 2547 string characters out of 3146179
 50862 words of memory out of 3000000
 3579 multiletter control sequences out of 15000+200000
 4245 words of font info for 16 fonts, out of 3000000 for 9000
 715 hyphenation exceptions out of 8191
 23i,4n,19p,221b,133s stack positions out of 5000i,500n,10000p,200000b,50000s
<C:/Progr
am Files (x86)/MiKTeX 2.9/fonts/type1/public/amsfonts/cm/cmbx12.pfb><C:/Program
 Files (x86)/MiKTeX 2.9/fonts/type1/public/amsfonts/cm/cmr10.pfb>
Output written on Declaration.pdf (1 page, 30388 bytes).
PDF statistics:
 14 PDF objects out of 1000 (max. 8388607)
 0 named destinations out of 1000 (max. 500000)
 1 words of extra memory for PDF output out of 10000 (max. 10000000)

