This is pdfTeXk, Version 3.141592-1.40.3 (Web2C 7.5.6) (format=latex 2011.1.22)  21 APR 2011 15:33
entering extended mode
 %&-line parsing enabled.
**ProjectReportTemplate.tex
(./ProjectReportTemplate.tex
LaTeX2e <2005/12/01>
Babel <v3.8h> and hyphenation patterns for english, usenglishmax, dumylang, noh
yphenation, loaded.
(/usr/share/texmf-texlive/tex/latex/base/article.cls
Document Class: article 2005/09/16 v1.4f Standard LaTeX document class
(/usr/share/texmf-texlive/tex/latex/base/size12.clo
File: size12.clo 2005/09/16 v1.4f Standard LaTeX file (size option)
)
\c@part=\count79
\c@section=\count80
\c@subsection=\count81
\c@subsubsection=\count82
\c@paragraph=\count83
\c@subparagraph=\count84
\c@figure=\count85
\c@table=\count86
\abovecaptionskip=\skip41
\belowcaptionskip=\skip42
\bibindent=\dimen102
)
(/usr/share/texmf-texlive/tex/latex/amsfonts/amsfonts.sty
Package: amsfonts 2001/10/25 v2.2f
\@emptytoks=\toks14
\symAMSa=\mathgroup4
\symAMSb=\mathgroup5
LaTeX Font Info:    Overwriting math alphabet `\mathfrak' in version `bold'
(Font)                  U/euf/m/n --> U/euf/b/n on input line 132.
)
(/usr/share/texmf-texlive/tex/latex/graphics/graphicx.sty
Package: graphicx 1999/02/16 v1.0f Enhanced LaTeX Graphics (DPC,SPQR)

(/usr/share/texmf-texlive/tex/latex/graphics/keyval.sty
Package: keyval 1999/03/16 v1.13 key=value parser (DPC)
\KV@toks@=\toks15
)
(/usr/share/texmf-texlive/tex/latex/graphics/graphics.sty
Package: graphics 2006/02/20 v1.0o Standard LaTeX Graphics (DPC,SPQR)

(/usr/share/texmf-texlive/tex/latex/graphics/trig.sty
Package: trig 1999/03/16 v1.09 sin cos tan (DPC)
)
(/etc/texmf/tex/latex/config/graphics.cfg
File: graphics.cfg 2007/01/18 v1.5 graphics configuration of teTeX/TeXLive
)
Package graphics Info: Driver file: dvips.def on input line 90.

(/usr/share/texmf-texlive/tex/latex/graphics/dvips.def
File: dvips.def 1999/02/16 v3.0i Driver-dependant file (DPC,SPQR)
))
\Gin@req@height=\dimen103
\Gin@req@width=\dimen104
)
(./ProjectReportTemplate.aux)
\openout1 = `ProjectReportTemplate.aux'.

LaTeX Font Info:    Checking defaults for OML/cmm/m/it on input line 26.
LaTeX Font Info:    ... okay on input line 26.
LaTeX Font Info:    Checking defaults for T1/cmr/m/n on input line 26.
LaTeX Font Info:    ... okay on input line 26.
LaTeX Font Info:    Checking defaults for OT1/cmr/m/n on input line 26.
LaTeX Font Info:    ... okay on input line 26.
LaTeX Font Info:    Checking defaults for OMS/cmsy/m/n on input line 26.
LaTeX Font Info:    ... okay on input line 26.
LaTeX Font Info:    Checking defaults for OMX/cmex/m/n on input line 26.
LaTeX Font Info:    ... okay on input line 26.
LaTeX Font Info:    Checking defaults for U/cmr/m/n on input line 26.
LaTeX Font Info:    ... okay on input line 26.
LaTeX Font Info:    Try loading font information for U+msa on input line 28.

(/usr/share/texmf-texlive/tex/latex/amsfonts/umsa.fd
File: umsa.fd 2002/01/19 v2.2g AMS font definitions
)
LaTeX Font Info:    Try loading font information for U+msb on input line 28.

(/usr/share/texmf-texlive/tex/latex/amsfonts/umsb.fd
File: umsb.fd 2002/01/19 v2.2g AMS font definitions
) [1

]
(./Acknowledgments.tex) [2] (./ExecutiveSummary.tex) [3]
(./ProjectReportTemplate.toc)
\tf@toc=\write3
\openout3 = `ProjectReportTemplate.toc'.

 [4] (./Introduction.tex

LaTeX Warning: Reference `sec:appendixb' on page 5 undefined on input line 19.

) (./Motivation.tex) (./PreviousStudies.tex) (./Objectives.tex) (./Theory.tex)
(./Experiments.tex) [5] (./Results.tex) (./Conclusions.tex) (./FutureWork.tex)
(./SourceCode.tex) (./thebibliography.tex
Underfull \hbox (badness 6741) in paragraph at lines 8--12
[]\OT1/cmr/m/n/12 C. A. Green, ``Hon-ours and De-sign Project Work: Guide
 []


Underfull \hbox (badness 5533) in paragraph at lines 8--12
\OT1/cmr/m/n/12 to Prepa-ra-tion of Fi-nal Year Project Re-ports,'' avail-able 
at
 []


Overfull \hbox (54.23096pt too wide) in paragraph at lines 8--12
\OT1/cmr/m/n/12 https://www.eleceng.adelaide.edu.au/INFO[]UG/4039/documents/fin
alreport.pdf,
 []


Underfull \hbox (badness 10000) in paragraph at lines 13--16
\OT1/cmr/m/n/12 avail-able at http://www.eleceng.adelaide.edu.au/personal/phill
ips,
 []

[6]
Underfull \hbox (badness 10000) in paragraph at lines 17--20
[]\OT1/cmr/m/n/12 B. J. Phillips ``Get-ting Started with L[]T[]X,'' avail-able 
at
 []

) (./Glossary.tex) [7] (./ProjectReportTemplate.aux)

LaTeX Warning: There were undefined references.

 ) 
Here is how much of TeX's memory you used:
 695 strings out of 95087
 8736 string characters out of 1183278
 52924 words of memory out of 1500000
 3858 multiletter control sequences out of 10000+50000
 14175 words of font info for 55 fonts, out of 1200000 for 2000
 28 hyphenation exceptions out of 8191
 25i,6n,22p,198b,202s stack positions out of 5000i,500n,6000p,200000b,5000s

Output written on ProjectReportTemplate.dvi (7 pages, 8268 bytes).
