This is pdfTeX, Version 3.1415926-1.40.10 (TeX Live 2009/Debian) (format=latex 2011.4.19)  4 MAY 2011 07:08
entering extended mode
 %&-line parsing enabled.
**SourceCode.tex
(./SourceCode.tex
LaTeX2e <2009/09/24>
Babel <v3.8l> and hyphenation patterns for english, usenglishmax, dumylang, noh
yphenation, loaded.
(/usr/share/texmf-texlive/tex/latex/base/article.cls
Document Class: article 2007/10/19 v1.4h Standard LaTeX document class
(/usr/share/texmf-texlive/tex/latex/base/size10.clo
File: size10.clo 2007/10/19 v1.4h Standard LaTeX file (size option)
)
\c@part=\count79
\c@section=\count80
\c@subsection=\count81
\c@subsubsection=\count82
\c@paragraph=\count83
\c@subparagraph=\count84
\c@figure=\count85
\c@table=\count86
\abovecaptionskip=\skip41
\belowcaptionskip=\skip42
\bibindent=\dimen102
)
(/usr/share/texmf-texlive/tex/latex/base/inputenc.sty
Package: inputenc 2008/03/30 v1.1d Input encoding file
\inpenc@prehook=\toks14
\inpenc@posthook=\toks15

(/usr/share/texmf-texlive/tex/latex/base/latin3.def
File: latin3.def 2008/03/30 v1.1d Input encoding file
))
(/usr/share/texmf-texlive/tex/latex/amsmath/amsmath.sty
Package: amsmath 2000/07/18 v2.13 AMS math features
\@mathmargin=\skip43

For additional information on amsmath, use the `?' option.
(/usr/share/texmf-texlive/tex/latex/amsmath/amstext.sty
Package: amstext 2000/06/29 v2.01

(/usr/share/texmf-texlive/tex/latex/amsmath/amsgen.sty
File: amsgen.sty 1999/11/30 v2.0
\@emptytoks=\toks16
\ex@=\dimen103
))
(/usr/share/texmf-texlive/tex/latex/amsmath/amsbsy.sty
Package: amsbsy 1999/11/29 v1.2d
\pmbraise@=\dimen104
)
(/usr/share/texmf-texlive/tex/latex/amsmath/amsopn.sty
Package: amsopn 1999/12/14 v2.01 operator names
)
\inf@bad=\count87
LaTeX Info: Redefining \frac on input line 211.
\uproot@=\count88
\leftroot@=\count89
LaTeX Info: Redefining \overline on input line 307.
\classnum@=\count90
\DOTSCASE@=\count91
LaTeX Info: Redefining \ldots on input line 379.
LaTeX Info: Redefining \dots on input line 382.
LaTeX Info: Redefining \cdots on input line 467.
\Mathstrutbox@=\box26
\strutbox@=\box27
\big@size=\dimen105
LaTeX Font Info:    Redeclaring font encoding OML on input line 567.
LaTeX Font Info:    Redeclaring font encoding OMS on input line 568.
\macc@depth=\count92
\c@MaxMatrixCols=\count93
\dotsspace@=\muskip10
\c@parentequation=\count94
\dspbrk@lvl=\count95
\tag@help=\toks17
\row@=\count96
\column@=\count97
\maxfields@=\count98
\andhelp@=\toks18
\eqnshift@=\dimen106
\alignsep@=\dimen107
\tagshift@=\dimen108
\tagwidth@=\dimen109
\totwidth@=\dimen110
\lineht@=\dimen111
\@envbody=\toks19
\multlinegap=\skip44
\multlinetaggap=\skip45
\mathdisplay@stack=\toks20
LaTeX Info: Redefining \[ on input line 2666.
LaTeX Info: Redefining \] on input line 2667.
)
(/usr/share/texmf-texlive/tex/latex/amsfonts/amsfonts.sty
Package: amsfonts 2009/06/22 v3.00 Basic AMSFonts support
\symAMSa=\mathgroup4
\symAMSb=\mathgroup5
LaTeX Font Info:    Overwriting math alphabet `\mathfrak' in version `bold'
(Font)                  U/euf/m/n --> U/euf/b/n on input line 96.
)
(/usr/share/texmf-texlive/tex/latex/amsfonts/amssymb.sty
Package: amssymb 2009/06/22 v3.00
)
(/usr/share/texmf-texlive/tex/latex/listings/listings.sty
(/usr/share/texmf-texlive/tex/latex/graphics/keyval.sty
Package: keyval 1999/03/16 v1.13 key=value parser (DPC)
\KV@toks@=\toks21
)
\lst@mode=\count99
\lst@gtempboxa=\box28
\lst@token=\toks22
\lst@length=\count100
\lst@currlwidth=\dimen112
\lst@column=\count101
\lst@pos=\count102
\lst@lostspace=\dimen113
\lst@width=\dimen114
\lst@newlines=\count103
\lst@lineno=\count104
\lst@maxwidth=\dimen115

(/usr/share/texmf-texlive/tex/latex/listings/lstmisc.sty
File: lstmisc.sty 2007/02/22 1.4 (Carsten Heinz)
\c@lstnumber=\count105
\lst@skipnumbers=\count106
\lst@framebox=\box29
)
(/usr/share/texmf-texlive/tex/latex/listings/listings.cfg
File: listings.cfg 2007/02/22 1.4 listings configuration
))
Package: listings 2007/02/22 1.4 (Carsten Heinz)
 (./SourceCode.aux)
\openout1 = `SourceCode.aux'.

LaTeX Font Info:    Checking defaults for OML/cmm/m/it on input line 8.
LaTeX Font Info:    ... okay on input line 8.
LaTeX Font Info:    Checking defaults for T1/cmr/m/n on input line 8.
LaTeX Font Info:    ... okay on input line 8.
LaTeX Font Info:    Checking defaults for OT1/cmr/m/n on input line 8.
LaTeX Font Info:    ... okay on input line 8.
LaTeX Font Info:    Checking defaults for OMS/cmsy/m/n on input line 8.
LaTeX Font Info:    ... okay on input line 8.
LaTeX Font Info:    Checking defaults for OMX/cmex/m/n on input line 8.
LaTeX Font Info:    ... okay on input line 8.
LaTeX Font Info:    Checking defaults for U/cmr/m/n on input line 8.
LaTeX Font Info:    ... okay on input line 8.
\c@lstlisting=\count107
LaTeX Font Info:    Try loading font information for OML+cmr on input line 23.

(/usr/share/texmf-texlive/tex/latex/base/omlcmr.fd
File: omlcmr.fd 1999/05/25 v2.5h Standard LaTeX font definitions
)
LaTeX Font Info:    Font shape `OML/cmr/m/n' in size <10> not available
(Font)              Font shape `OML/cmm/m/it' tried instead on input line 23.

Overfull \hbox (159.00513pt too wide) in paragraph at lines 23--24
[][][][][][][][][][][][][][][][][][][][][][][][][][][][][][][] 
 []


Overfull \hbox (141.00494pt too wide) in paragraph at lines 24--25
[][][][][][][][][][][][][][][][][][][][][][][][][][][][][][][][][][][] 
 []


Overfull \hbox (93.00446pt too wide) in paragraph at lines 26--27
[][][][][][][][][][][][][][][][][][][][][][][][][][][][][][] 
 []


Overfull \hbox (93.00446pt too wide) in paragraph at lines 27--28
[][][][][][][][][][][][][][][][][][][][][][][][][][][][][][][] 
 []


Overfull \hbox (75.00427pt too wide) in paragraph at lines 28--29
[][][][][][][][][][][][][][][][][][][][][][][][][][][][][] 
 []


Overfull \hbox (63.00415pt too wide) in paragraph at lines 31--32
[][][][][][][][][][][][][][][][][][][][][][][][][][][][][][] 
 []


Overfull \hbox (57.00409pt too wide) in paragraph at lines 32--33
[][][][][][][][][][][][][][][][][][][][][][][][][][] 
 []


Overfull \hbox (9.0036pt too wide) in paragraph at lines 33--34
[][][][][][][][][][][][][][][][][][][][][][]
 []


Overfull \hbox (75.00427pt too wide) in paragraph at lines 36--37
[][][][][][][][][][][][][][][][][][][][][][][][][][][][][] 
 []


Overfull \hbox (99.00452pt too wide) in paragraph at lines 37--40
[][][][][][][][][][][][][][][][][][][][][][][][][][][][][][][][][][][] 
 []


Overfull \hbox (3.00354pt too wide) in paragraph at lines 60--61
[][][][][][][][][][][][][][][][][][][][][][][][][][][] 
 []

[1

]
Overfull \hbox (147.005pt too wide) in paragraph at lines 70--72
[][][][][][][][][][][][][][][][][][][] 
 []


Overfull \hbox (75.00427pt too wide) in paragraph at lines 73--74
[][][][][][][][][][][][][][][][][][][][][][][][][] 
 []

LaTeX Font Info:    Try loading font information for U+msa on input line 74.
(/usr/share/texmf-texlive/tex/latex/amsfonts/umsa.fd
File: umsa.fd 2009/06/22 v3.00 AMS symbols A
)
LaTeX Font Info:    Try loading font information for U+msb on input line 74.

(/usr/share/texmf-texlive/tex/latex/amsfonts/umsb.fd
File: umsb.fd 2009/06/22 v3.00 AMS symbols B
)
Overfull \hbox (39.0039pt too wide) in paragraph at lines 81--82
[][][][][][][][][][][][][][][][][][][][][][][][] 
 []

[2] [3]
Overfull \hbox (69.00421pt too wide) in paragraph at lines 129--130
[][][][][][][][][][][][][][][][][][][][][][][][][][][][][] 
 []


Overfull \hbox (93.00446pt too wide) in paragraph at lines 131--132
[][][][][][][][][][][][][][][][][][][][][][][][][][][][][][] 
 []


Overfull \hbox (93.00446pt too wide) in paragraph at lines 132--133
[][][][][][][][][][][][][][][][][][][][][][][][][][][][][][][] 
 []


Overfull \hbox (75.00427pt too wide) in paragraph at lines 133--134
[][][][][][][][][][][][][][][][][][][][][][][][][][][][][] 
 []


Overfull \hbox (63.00415pt too wide) in paragraph at lines 136--137
[][][][][][][][][][][][][][][][][][][][][][][][][][][][][][] 
 []


Overfull \hbox (57.00409pt too wide) in paragraph at lines 137--138
[][][][][][][][][][][][][][][][][][][][][][][][][][] 
 []


Overfull \hbox (9.0036pt too wide) in paragraph at lines 138--139
[][][][][][][][][][][][][][][][][][][][][][]
 []


Overfull \hbox (75.00427pt too wide) in paragraph at lines 141--142
[][][][][][][][][][][][][][][][][][][][][][][][][][][][][] 
 []


Overfull \hbox (99.00452pt too wide) in paragraph at lines 142--145
[][][][][][][][][][][][][][][][][][][][][][][][][][][][][][][][][][][] 
 []


Overfull \hbox (39.0039pt too wide) in paragraph at lines 150--151
[][][][][][][][][][][][][][][][][][][][][][][][][] 
 []


Overfull \hbox (27.00378pt too wide) in paragraph at lines 151--152
[][][][][][][][][][][][][][][][][][][][][][][][] 
 []


Overfull \hbox (63.00415pt too wide) in paragraph at lines 161--162
[][][][][][][][][][][][][][][][][][][][][][][][][][][][][] 
 []

[4]
Overfull \hbox (21.00372pt too wide) in paragraph at lines 177--178
[][][][][][][][][][][][][][][][][][][][][][][][][][] 
 []


Overfull \hbox (9.0036pt too wide) in paragraph at lines 179--180
[][][][][][][][][][][][][][][][][][][][][][][] 
 []


Overfull \hbox (27.00378pt too wide) in paragraph at lines 185--186
[][][][][][][][][][][][][][][][][][][][][] 
 []

[5]
Overfull \hbox (201.00555pt too wide) in paragraph at lines 204--205
[][][][][][][][][][][][][][][][][][][][][][][][][][][][][][][][][][][] 
 []


Overfull \hbox (141.00494pt too wide) in paragraph at lines 205--206
[][][][][][][][][][][][][][][][][][][][][][][][][][][][][][][][][][][] 
 []


Overfull \hbox (93.00446pt too wide) in paragraph at lines 207--208
[][][][][][][][][][][][][][][][][][][][][][][][][][][][][][] 
 []


Overfull \hbox (93.00446pt too wide) in paragraph at lines 208--209
[][][][][][][][][][][][][][][][][][][][][][][][][][][][][][][] 
 []


Overfull \hbox (75.00427pt too wide) in paragraph at lines 209--210
[][][][][][][][][][][][][][][][][][][][][][][][][][][][][] 
 []


Overfull \hbox (63.00415pt too wide) in paragraph at lines 212--213
[][][][][][][][][][][][][][][][][][][][][][][][][][][][][][] 
 []


Overfull \hbox (57.00409pt too wide) in paragraph at lines 213--214
[][][][][][][][][][][][][][][][][][][][][][][][][][] 
 []


Overfull \hbox (9.0036pt too wide) in paragraph at lines 214--215
[][][][][][][][][][][][][][][][][][][][][][]
 []


Overfull \hbox (75.00427pt too wide) in paragraph at lines 217--218
[][][][][][][][][][][][][][][][][][][][][][][][][][][][][] 
 []


Overfull \hbox (99.00452pt too wide) in paragraph at lines 218--221
[][][][][][][][][][][][][][][][][][][][][][][][][][][][][][][][][][][] 
 []


Overfull \hbox (9.0036pt too wide) in paragraph at lines 223--224
[][][][][][][][][][][][][][][][][][][][][][][][] 
 []


Overfull \hbox (63.00415pt too wide) in paragraph at lines 224--226
[][][][][][][][][][][][][][][][][][][][][][][][][][] 
 []


Overfull \hbox (399.00757pt too wide) in paragraph at lines 226--228
[][][][][][][][][][][][][][][][][][][][] 
 []


Overfull \hbox (63.00415pt too wide) in paragraph at lines 228--229
[][][][][][][][][][][][][][][][][][][][][][][][][] 
 []


Overfull \hbox (135.00488pt too wide) in paragraph at lines 229--230
[][][][][][][][][][][][][][][][][][][][][][][][] 
 []


Overfull \hbox (105.00458pt too wide) in paragraph at lines 230--231
[][][][][][][][][][][][][][][][][][][][][][][][] 
 []


Overfull \hbox (531.00891pt too wide) in paragraph at lines 231--232
[][][][][][][][][][][][][][][][][][][][][][][][][][][][][][][][][][][][][][][][
][][][][][][][][][][][][][][][][] 
 []


Overfull \hbox (555.00916pt too wide) in paragraph at lines 232--233
[][][][][][][][][][][][][][][][][][][][][][][][][][][][][][][][][][][][][][][][
][][][][][][][][][] 
 []


Overfull \hbox (213.00568pt too wide) in paragraph at lines 233--234
[][][][][][][][][][][][][][][][][][][][][][][][][][][] 
 []


Overfull \hbox (591.00952pt too wide) in paragraph at lines 234--235
[][][][][][][][][][][][][][][][][][][][][][][][][][][][][][][][][][][][][][][][
][][][][][] 
 []


Overfull \hbox (627.00989pt too wide) in paragraph at lines 235--237
[][][][][][][][][][][][][][][][][][][][][][][][][][][][][][][][][][][][][][][][
][][] 
 []


Overfull \hbox (597.00958pt too wide) in paragraph at lines 237--239
[][][][][][][][][][][][][][][][][][][][][][][][][][][][][][][][][][][][][][][][
][][][][][][][][][][][][][][][][][][][][][][][][][][][][] 
 []


Overfull \hbox (573.00934pt too wide) in paragraph at lines 239--241
[][][][][][][][][][][][][][][][][][][][][] 
 []


Overfull \hbox (351.00708pt too wide) in paragraph at lines 241--243
[][][][][][][][][][][][][][][][][][][][][][][][][][][][][][][][][][][][][][][][
][][][] 
 []


Overfull \hbox (585.00946pt too wide) in paragraph at lines 243--245
[][][][][][][][][][][][][][][][][][][][][][][][][][][][][][][][][][][][][][][][
][][][][][][][][][][][][][][][][][][][][][][] 
 []


Overfull \hbox (591.00952pt too wide) in paragraph at lines 249--251
[][][][][][][][][][][][][] 
 []

[6]
Overfull \hbox (615.00977pt too wide) in paragraph at lines 263--265
[][][][][][][][][][][][][][][] 
 []


Overfull \hbox (615.00977pt too wide) in paragraph at lines 265--267
[][][][][][][][][][][] 
 []


Overfull \hbox (573.00934pt too wide) in paragraph at lines 267--268
[][][][][][][][][][][][][][][][][][][][][][][][][][][][][][][][][][][][][][][][
][][][][][][][][][][][][][][][][][][][] 
 []


Overfull \hbox (363.0072pt too wide) in paragraph at lines 270--272
[][][][][][][][][][][][][][][][][][][][][][][][][][][][][][][][][][][][][][][][
][][][][][][][][] 
 []


Overfull \hbox (621.00983pt too wide) in paragraph at lines 281--283
[][][][][][][][][][][][][][][][][] 
 []


Overfull \hbox (621.00983pt too wide) in paragraph at lines 283--285
[][][][][][][][][][][][][][][][][] 
 []


Overfull \hbox (543.00903pt too wide) in paragraph at lines 287--289
[][][][][][][][][][][][][][][][][][][][][][][][] 
 []


Overfull \hbox (69.00421pt too wide) in paragraph at lines 289--290
[][][][][][][][][][][][][][][][][][][][][] 
 []


Overfull \hbox (117.0047pt too wide) in paragraph at lines 290--291
[][][][][][][][][][][][][][][][][][][][][][][][][] 
 []


Overfull \hbox (87.0044pt too wide) in paragraph at lines 291--292
[][][][][][][][][][][][][][][][][][][][][][][][][] 
 []


Overfull \hbox (75.00427pt too wide) in paragraph at lines 292--293
[][][][][][][][][][][][][][][][][][][][][][][][][] 
 []


Overfull \hbox (177.00531pt too wide) in paragraph at lines 293--294
[][][][][][][][][][][][][][][][][][][][][][][] 
 []


Overfull \hbox (147.005pt too wide) in paragraph at lines 294--295
[][][][][][][][][][][][][][][][][][][][][][][][][][][][][][] 
 []


Overfull \hbox (183.00537pt too wide) in paragraph at lines 295--296
[][][][][][][][][][][][][][][][][][][][][][][][][][][][][] 
 []


Overfull \hbox (15.00366pt too wide) in paragraph at lines 297--298
[][][][][][][][][][][][][][][][][][][][][] 
 []


Overfull \hbox (3.00354pt too wide) in paragraph at lines 299--300
[][][][][][][][][][][][][][][][] 
 []


Overfull \hbox (15.00366pt too wide) in paragraph at lines 300--301
[][][][][][][][][][][][][][][][] 
 []

[7]
Overfull \hbox (129.00482pt too wide) in paragraph at lines 301--302
[][][][][][][][][][][][][][][][][][][][] 
 []


Overfull \hbox (87.0044pt too wide) in paragraph at lines 302--304
[][][][][][][][][][][][][][][][][][][] 
 []


Overfull \hbox (171.00525pt too wide) in paragraph at lines 304--306
[][][][][][][][][][][][]
 []


Overfull \hbox (21.00372pt too wide) in paragraph at lines 304--306
[][] 
 []


Overfull \hbox (543.00903pt too wide) in paragraph at lines 306--308
[][][][][][][][][][][][][][][][][][][][][][][][][][][][][][][][][][][][][][][][
][][][][][][][][] 
 []


Overfull \hbox (105.00458pt too wide) in paragraph at lines 308--309
[][][][][][][][][][][][][][][][][][][][][][][][] 
 []


Overfull \hbox (195.0055pt too wide) in paragraph at lines 309--311
[][][][][][][][][][][][][][][][][][][][][][][][][][][][][][] 
 []


Overfull \hbox (405.00763pt too wide) in paragraph at lines 311--313
[][][][][][][][][][][][][][][][][][][][][][][][][][][][][][][][][][][][][] 
 []


Overfull \hbox (111.00464pt too wide) in paragraph at lines 313--314
[][][][][][][][][][][][][][][][][][][][][][][][][] 
 []


Overfull \hbox (159.00513pt too wide) in paragraph at lines 317--318
[][][][][][][][][][][][][][][][][][][][][][][][][][] 
 []


Overfull \hbox (237.00592pt too wide) in paragraph at lines 318--320
[][][][][][][][][][][][][][][][][][][][][][][][][][][][][][][][][][][] 
 []


Overfull \hbox (405.00763pt too wide) in paragraph at lines 320--322
[][][][][][][][][][][][][][][][][][][][][][][][][][][][][][][][][][][][][] 
 []


Overfull \hbox (39.0039pt too wide) in paragraph at lines 322--323
[][][][][][][][][][][][][][][][][][][][][] 
 []


Overfull \hbox (537.00897pt too wide) in paragraph at lines 325--326
[][][][][][] 
 []


Overfull \hbox (531.00891pt too wide) in paragraph at lines 326--327
[][][][][][][][][][][][][][][][][][][][][][] 
 []


Overfull \hbox (261.00616pt too wide) in paragraph at lines 327--328
[][][][][][][][][][][][][][][][][][][][][][][][][][][][][]
 []


Overfull \hbox (255.0061pt too wide) in paragraph at lines 328--329
[][][][][][][][][][][][][][][][][][][][][][][][][][][][][][]
 []


Overfull \hbox (225.0058pt too wide) in paragraph at lines 329--330
[][][][][][][][][][][][][][][][][][][][][]
 []


Overfull \hbox (537.00897pt too wide) in paragraph at lines 330--332
[][][][][][] 
 []


Overfull \hbox (225.0058pt too wide) in paragraph at lines 332--333
[][][][][][][][][][][][][][][][][][][][][][][][][][][][][][][][][][][][][] 
 []


Overfull \hbox (381.00739pt too wide) in paragraph at lines 333--334
[][][][][][][][][][][][][][][][][][][][][][][][][][][][][][][][][][][][][][][] 

 []


Overfull \hbox (207.00562pt too wide) in paragraph at lines 334--336
[][][][][][][][][][][][][][][][][][][][][][][][][][] 
 []


Overfull \hbox (303.00659pt too wide) in paragraph at lines 336--338
[][][][][][][][][][][][][][][][][][][][][][][][][][] 
 []


Overfull \hbox (21.00372pt too wide) in paragraph at lines 338--339
[][][][][][][][][][][][][][][][][][][][][][][] 
 []

LaTeX Font Info:    Try loading font information for OMS+cmr on input line 341.

(/usr/share/texmf-texlive/tex/latex/base/omscmr.fd
File: omscmr.fd 1999/05/25 v2.5h Standard LaTeX font definitions
)
LaTeX Font Info:    Font shape `OMS/cmr/m/n' in size <10> not available
(Font)              Font shape `OMS/cmsy/m/n' tried instead on input line 341.

Overfull \hbox (345.00702pt too wide) in paragraph at lines 341--343
[][][][][][][][][][][][][][][][][][][][][][][][][][][][][][][] 
 []


Overfull \hbox (345.00702pt too wide) in paragraph at lines 343--345
[][][][][][][][][][][][][][][][][][][][][][][][][][] 
 []

[8]
Overfull \hbox (369.00726pt too wide) in paragraph at lines 349--351
[][][][][][][][][][][][][][][][][][][][][][] 
 []


Overfull \hbox (45.00397pt too wide) in paragraph at lines 352--353
[][][][][][][][][][][][][][][] 
 []


Overfull \hbox (45.00397pt too wide) in paragraph at lines 353--355
[][][][][][][][][][][][][][][][][] 
 []


Overfull \hbox (87.0044pt too wide) in paragraph at lines 355--356
[][][][][][][][][][][][][][][][][][][][][][] 
 []


Overfull \hbox (225.0058pt too wide) in paragraph at lines 356--357
[][][][][][][][][][][][][][][][][][][][][][][][][][] 
 []


Overfull \hbox (423.00781pt too wide) in paragraph at lines 357--358
[][][][][][][][][][][][][][][][][][][][][][][][][][][][][][][][][][][][][][][][
][][][][][][] 
 []


Overfull \hbox (195.0055pt too wide) in paragraph at lines 358--359
[][][][][][][][][][][][][][][][][][][][][][][][][][][][][][][][] 
 []


Overfull \hbox (237.00592pt too wide) in paragraph at lines 359--361
[][][][][][][][][][][][][][][][][][][][][][][][][][][][][][][][][][] 
 []


Overfull \hbox (75.00427pt too wide) in paragraph at lines 361--363
[][][][][][][][][][][] 
 []


Overfull \hbox (273.00629pt too wide) in paragraph at lines 363--365
[][][][][][][][][][][][][][][][][][][][][][][][] 
 []


Overfull \hbox (315.00671pt too wide) in paragraph at lines 368--370
[][][][][][][][][][][][][][][][][][][][][][][][][][][][][][][][][][][][][] 
 []


Overfull \hbox (39.0039pt too wide) in paragraph at lines 371--373
[][][][][][][][][] 
 []


Overfull \hbox (183.00537pt too wide) in paragraph at lines 373--375
[][][][][][][][][][][][][][][][][][][][][][] 
 []


Overfull \hbox (141.00494pt too wide) in paragraph at lines 376--377
[][][][][][][][][][][][][]
 []


Overfull \hbox (165.00519pt too wide) in paragraph at lines 377--379
[][][][][][][][][][][][][][][][][][][][][][][][][] 
 []


Overfull \hbox (309.00665pt too wide) in paragraph at lines 379--381
[][][][][][][][][][][][][][][][][][][][][][][][][][][][] 
 []


Overfull \hbox (345.00702pt too wide) in paragraph at lines 384--386
[][][][][][][][][][][][][][][][][][][][][][][][][][][][][][][][][][] 
 []


Overfull \hbox (213.00568pt too wide) in paragraph at lines 386--388
[][][][][][][][][][][][][][][][][][][][][][][][] 
 []


Overfull \hbox (303.00659pt too wide) in paragraph at lines 391--393
[][][][][][][][][][][][][][][][][][][][][][][][][][] 
 []

[9]
Overfull \hbox (147.005pt too wide) in paragraph at lines 396--398
[][][][][][][][][][][][][][][][][][][][][][][][][][] 
 []


Overfull \hbox (327.00684pt too wide) in paragraph at lines 398--399
[][][][][][][][][][][][][][][][][][][][][][][][][][][][][][][][][][][][][][][][
][][][][][] 
 []


Overfull \hbox (273.00629pt too wide) in paragraph at lines 399--400
[][][][][][][][][][][][][][][][][][][][][][][][][][][][][][][][][][][][][][][][
][][] 
 []


Overfull \hbox (69.00421pt too wide) in paragraph at lines 400--402
[][][][][][][][][][][][][][][][][][][][][][][][] 
 []


Overfull \hbox (3.00354pt too wide) in paragraph at lines 402--404
[][][][][][][][][][][][][][][][][][] 
 []


Overfull \hbox (273.00629pt too wide) in paragraph at lines 404--405
[][][][][][][][][][][][][][][][][][][][][][][][][][][][][][][][][][][][][][][] 

 []


Overfull \hbox (237.00592pt too wide) in paragraph at lines 406--407
[][][][][][][][][][][][][][][][][][][][][][][][][][][][][][][][][][][] 
 []


Overfull \hbox (159.00513pt too wide) in paragraph at lines 407--408
[][][][][][][][][][][][][][][][][][][][][][][] 
 []


Overfull \hbox (87.0044pt too wide) in paragraph at lines 408--409
[][][][][][][] 
 []


Overfull \hbox (897.01263pt too wide) in paragraph at lines 409--411
[][][][][][][][][][][][][][][][][][][][][][][][][][][][][][][][][][][][][][][][
][][][][][][][][][][][][][][][][][][][][][][][] 
 []


Overfull \hbox (3.00354pt too wide) in paragraph at lines 411--412
[][][][][][][][][][][][][] 
 []


Overfull \hbox (303.00659pt too wide) in paragraph at lines 412--413
[][][][][][][][][][][][][][][][][][][][][][][][][][][][][][][] 
 []


Overfull \hbox (423.00781pt too wide) in paragraph at lines 414--416
[][][][][][][][][][][][][][][][][][][][][][][][][][][][][][][][][][][][][] 
 []


Overfull \hbox (237.00592pt too wide) in paragraph at lines 416--417
[][][][][][][][][][][][][][][][][][][][][][][][][][][][][][][][] 
 []


Overfull \hbox (57.00409pt too wide) in paragraph at lines 417--418
[][][][][][][][][] 
 []


Overfull \hbox (9.0036pt too wide) in paragraph at lines 419--420
[][][][][][][] 
 []


Overfull \hbox (351.00708pt too wide) in paragraph at lines 420--421
[][][][][][][][][][][][][][][][][] 
 []


Overfull \hbox (171.00525pt too wide) in paragraph at lines 422--423
[][][][][][][][][][][][][][][][][] 
 []


Overfull \hbox (117.0047pt too wide) in paragraph at lines 423--425
[][][][][][][][][] 
 []


Overfull \hbox (105.00458pt too wide) in paragraph at lines 425--427
[][][][][][][][][][][][][][][][][][][][][][] 
 []


Overfull \hbox (3.00354pt too wide) in paragraph at lines 431--432
[][][][][][][][][][][][][][][][] 
 []


Overfull \hbox (135.00488pt too wide) in paragraph at lines 432--433
[][][][][][][][][][][][][][][][][][][][][][] 
 []


Overfull \hbox (273.00629pt too wide) in paragraph at lines 433--434
[][][][][][][][][][][][][][][][][][][][][][][][][][] 
 []


Overfull \hbox (471.0083pt too wide) in paragraph at lines 434--435
[][][][][][][][][][][][][][][][][][][][][][][][][][][][][][][][][][][][][][][][
][][][][][][] 
 []


Overfull \hbox (249.00604pt too wide) in paragraph at lines 435--436
[][][][][][][][][][][][][][][][][][][][][][][][][][][][][][][][][][] 
 []


Overfull \hbox (297.00653pt too wide) in paragraph at lines 436--439
[][][][][][][][][][][][][][][][][][][][][][][][][][][][][][][][][][][][][][] 
 []


Overfull \hbox (207.00562pt too wide) in paragraph at lines 439--441
[][][][][][][][][][][] 
 []


Overfull \hbox (159.00513pt too wide) in paragraph at lines 441--443
[][][][][][][][][][][][][][][][][][][][][][][][] 
 []


Overfull \hbox (27.00378pt too wide) in paragraph at lines 443--444
[][][][][][][][][][][][][][][][][][][][][][][] 
 []

[10]
Overfull \hbox (231.00586pt too wide) in paragraph at lines 447--449
[][][][][][][][][][][][][][][][][][][][][][][][][][][][][][][][][][][][][] 
 []


Overfull \hbox (39.0039pt too wide) in paragraph at lines 449--450
[][][][][][][] 
 []


Overfull \hbox (87.0044pt too wide) in paragraph at lines 450--452
[][][][][][][][][] 
 []


Overfull \hbox (39.0039pt too wide) in paragraph at lines 452--454
[][][][][][][][][][][][][][][][][][][][][] 
 []


Overfull \hbox (321.00677pt too wide) in paragraph at lines 454--456
[][][][][][][][][][][][][][][][][][][][][][][][][][][][][][][][][] 
 []


Overfull \hbox (189.00543pt too wide) in paragraph at lines 457--458
[][][][][][][][][][][][][]
 []


Overfull \hbox (165.00519pt too wide) in paragraph at lines 457--458
[][][][][][][][][][][][][][][][][][][][][][][][][][][][][] 
 []


Overfull \hbox (21.00372pt too wide) in paragraph at lines 458--460
[][][][][][][][][][][]
 []


Overfull \hbox (297.00653pt too wide) in paragraph at lines 460--462
[][][][][][][][][][][][][][][][][][][][][][][][][][][][] 
 []


Overfull \hbox (393.0075pt too wide) in paragraph at lines 465--467
[][][][][][][][][][][][][][][][][][][][][][][][][][][][][][][][][][] 
 []


Overfull \hbox (141.00494pt too wide) in paragraph at lines 467--469
[][][][][][][][][][][][][][][][][][][][][][] 
 []


Overfull \hbox (9.0036pt too wide) in paragraph at lines 469--470
[][][][][][][][][][][][][][][][][][][] 
 []


Overfull \hbox (195.0055pt too wide) in paragraph at lines 472--474
[][][][][][][][][][][][][][][][][][][][][][][][][][] 
 []


Overfull \hbox (123.00476pt too wide) in paragraph at lines 474--476
[][][][][][][][][][][][][][][][][][][][][][][] 
 []


Overfull \hbox (9.0036pt too wide) in paragraph at lines 476--477
[][][][][][][][][] 
 []


Overfull \hbox (183.00537pt too wide) in paragraph at lines 480--482
[][][][][][][][][][][][][][][][][][][][][][][][][] 
 []


Overfull \hbox (189.00543pt too wide) in paragraph at lines 486--487
[][][][][][][][][][][][][][][] 
 []


Overfull \hbox (93.00446pt too wide) in paragraph at lines 487--488
[][][][][][][][][][][][][][][][][][][] 
 []


Overfull \hbox (27.00378pt too wide) in paragraph at lines 490--491
[][][][][][][][][][][] 
 []


Overfull \hbox (285.00641pt too wide) in paragraph at lines 492--494
[][][][][][][][][][][][][][][][][][][][][][][][][][][][][][] 
 []

[11]
Overfull \hbox (117.0047pt too wide) in paragraph at lines 502--504
[][][][][][][][][][][][][][][][][][][][][][][][][][] 
 []


Overfull \hbox (537.00897pt too wide) in paragraph at lines 505--507
[][][][][][][][][][][][][][][][][][][][][][][][][][][][][][][][][][][][][][][][
][][][][][][][][][] 
 []


Overfull \hbox (117.0047pt too wide) in paragraph at lines 508--509
[][][][][][][][][][][][][] 
 []


Overfull \hbox (87.0044pt too wide) in paragraph at lines 510--511
[][][][][][][][][][][][][] 
 []


Overfull \hbox (69.00421pt too wide) in paragraph at lines 512--513
[][][][][][][][][][][][][] 
 []


Overfull \hbox (171.00525pt too wide) in paragraph at lines 515--517
[][][][][][][][][][][][][][][][][][][][][][][][][][][][] 
 []


Overfull \hbox (165.00519pt too wide) in paragraph at lines 522--523
[][][][][][][][][][][][][][][][][][][][][][][][][][][][] 
 []


Overfull \hbox (141.00494pt too wide) in paragraph at lines 529--531
[][][][][][][][][][][][][][][][][][][][][][][][][][] 
 []


Overfull \hbox (57.00409pt too wide) in paragraph at lines 533--534
[][][][][][][][][][][] 
 []


Overfull \hbox (171.00525pt too wide) in paragraph at lines 534--536
[][][][][][][][][][][][][][][][][][][][][][][][][][][][] 
 []


Overfull \hbox (435.00793pt too wide) in paragraph at lines 536--538
[][][][][][][][][][][][][][][][][][] 
 []


Overfull \hbox (615.00977pt too wide) in paragraph at lines 538--539
[][][][][][][][][][][][][][][][][][][][][][][][][][][][][][][][][][][][][][][][
][][][][][][][][][][][][][][][] 
 []


Overfull \hbox (189.0054pt too wide) in paragraph at lines 540--542
[][][][][][][][][][][][][][][][][] 
 []


Overfull \hbox (75.00427pt too wide) in paragraph at lines 542--543
[][][][][][][][][][][][][][][][][][][][][][][][][][][][][][][][][][][] 
 []

[12]
Overfull \hbox (15.00363pt too wide) in paragraph at lines 545--546
[][][][][][][][][][][][][][][][][][][][][][][][][][]
 []

[13] (./SourceCode.aux) ) 
Here is how much of TeX's memory you used:
 2781 strings out of 495062
 34406 string characters out of 1182644
 133260 words of memory out of 3000000
 5979 multiletter control sequences out of 15000+50000
 5637 words of font info for 23 fonts, out of 3000000 for 9000
 28 hyphenation exceptions out of 8191
 27i,5n,32p,229b,1518s stack positions out of 5000i,500n,10000p,200000b,50000s

Output written on SourceCode.dvi (13 pages, 92988 bytes).
